<?xml version="1.0" encoding="UTF-8"?>
<testsuite name="pruebas de ingreso" tests="1" skipped="0" failures="1" errors="0" timestamp="2020-04-17T01:02:10" hostname="LAPTOP-U0LFOLUR" time="17.064">
  <properties/>
  <testcase name="EMPTY_NAME" classname="pruebas de ingreso" time="17.064">
    <failure message="org.openqa.selenium.ElementNotInteractableException: element not interactable&#10;  (Session info: chrome=81.0.4044.113)&#10;Build info: version: '3.141.59', revision: 'e82be7d358', time: '2018-11-14T08:17:03'&#10;System info: host: 'LAPTOP-U0LFOLUR', ip: '192.168.56.1', os.name: 'Windows 10', os.arch: 'amd64', os.version: '10.0', java.version: '11.0.6'&#10;Driver info: org.openqa.selenium.chrome.ChromeDriver&#10;Capabilities {acceptInsecureCerts: false, browserName: chrome, browserVersion: 81.0.4044.113, chrome: {chromedriverVersion: 80.0.3987.106 (f68069574609..., userDataDir: C:\Users\victo\AppData\Loca...}, goog:chromeOptions: {debuggerAddress: localhost:53961}, javascriptEnabled: true, networkConnectionEnabled: false, pageLoadStrategy: normal, platform: WINDOWS, platformName: WINDOWS, proxy: Proxy(), setWindowRect: true, strictFileInteractability: false, timeouts: {implicit: 0, pageLoad: 300000, script: 30000}, unhandledPromptBehavior: dismiss and notify}&#10;Session ID: 475b233a4817f94664c8237139c62491" type="org.openqa.selenium.ElementNotInteractableException">org.openqa.selenium.ElementNotInteractableException: element not interactable
  (Session info: chrome=81.0.4044.113)
Build info: version: '3.141.59', revision: 'e82be7d358', time: '2018-11-14T08:17:03'
System info: host: 'LAPTOP-U0LFOLUR', ip: '192.168.56.1', os.name: 'Windows 10', os.arch: 'amd64', os.version: '10.0', java.version: '11.0.6'
Driver info: org.openqa.selenium.chrome.ChromeDriver
Capabilities {acceptInsecureCerts: false, browserName: chrome, browserVersion: 81.0.4044.113, chrome: {chromedriverVersion: 80.0.3987.106 (f68069574609..., userDataDir: C:\Users\victo\AppData\Loca...}, goog:chromeOptions: {debuggerAddress: localhost:53961}, javascriptEnabled: true, networkConnectionEnabled: false, pageLoadStrategy: normal, platform: WINDOWS, platformName: WINDOWS, proxy: Proxy(), setWindowRect: true, strictFileInteractability: false, timeouts: {implicit: 0, pageLoad: 300000, script: 30000}, unhandledPromptBehavior: dismiss and notify}
Session ID: 475b233a4817f94664c8237139c62491
	at java.base/jdk.internal.reflect.NativeConstructorAccessorImpl.newInstance0(Native Method)
	at java.base/jdk.internal.reflect.NativeConstructorAccessorImpl.newInstance(NativeConstructorAccessorImpl.java:62)
	at java.base/jdk.internal.reflect.DelegatingConstructorAccessorImpl.newInstance(DelegatingConstructorAccessorImpl.java:45)
	at java.base/java.lang.reflect.Constructor.newInstance(Constructor.java:490)
	at org.openqa.selenium.remote.http.W3CHttpResponseCodec.createException(W3CHttpResponseCodec.java:187)
	at org.openqa.selenium.remote.http.W3CHttpResponseCodec.decode(W3CHttpResponseCodec.java:122)
	at org.openqa.selenium.remote.http.W3CHttpResponseCodec.decode(W3CHttpResponseCodec.java:49)
	at org.openqa.selenium.remote.HttpCommandExecutor.execute(HttpCommandExecutor.java:158)
	at org.openqa.selenium.remote.service.DriverCommandExecutor.execute(DriverCommandExecutor.java:83)
	at org.openqa.selenium.remote.RemoteWebDriver.execute(RemoteWebDriver.java:552)
	at org.openqa.selenium.remote.RemoteWebElement.execute(RemoteWebElement.java:285)
	at org.openqa.selenium.remote.RemoteWebElement.click(RemoteWebElement.java:84)
	at net.serenitybdd.tutorials.steps.PortalTestStepDefinitions.selecciona_los_articulos_para_agregar_a_su_carrito_de_compras(PortalTestStepDefinitions.java:63)
	at âœ½.Selecciona los articulos para agregar a su carrito de compras(src/test/resources/features/pruebas_ingreso.feature:17)
</failure>
  </testcase>
  <system-out><![CDATA[?[32m.?[0m?[31mF?[0m?[36m-?[0m]]></system-out>
  <system-err><![CDATA[Starting ChromeDriver 80.0.3987.106 (f68069574609230cf9b635cd784cfb1bf81bb53a-refs/branch-heads/3987@{#882}) on port 10102
Only local connections are allowed.
Please protect ports used by ChromeDriver and related test frameworks to prevent access by malicious code.
[1587085333.812][WARNING]: This version of ChromeDriver has not been tested with Chrome version 81.
[1587085335.822][WARNING]: Timed out connecting to Chrome, retrying...
abr. 16, 2020 8:02:17 P. M. org.openqa.selenium.remote.ProtocolHandshake createSession
INFO: Detected dialect: W3C
[1587085340.043][WARNING]: Timed out connecting to Chrome, retrying...
[1587085343.367][SEVERE]: Timed out receiving message from renderer: 0.100
[1587085343.471][SEVERE]: Timed out receiving message from renderer: 0.100
[1587085343.575][SEVERE]: Timed out receiving message from renderer: 0.100
[1587085343.682][SEVERE]: Timed out receiving message from renderer: 0.100
[1587085343.785][SEVERE]: Timed out receiving message from renderer: 0.100
[1587085343.887][SEVERE]: Timed out receiving message from renderer: 0.100
[1587085343.992][SEVERE]: Timed out receiving message from renderer: 0.100
[1587085344.096][SEVERE]: Timed out receiving message from renderer: 0.100
[1587085344.202][SEVERE]: Timed out receiving message from renderer: 0.100
[1587085344.312][SEVERE]: Timed out receiving message from renderer: 0.100
[1587085344.417][SEVERE]: Timed out receiving message from renderer: 0.100
[1587085344.519][SEVERE]: Timed out receiving message from renderer: 0.100
[1587085344.620][SEVERE]: Timed out receiving message from renderer: 0.100
[1587085346.151][SEVERE]: Timed out receiving message from renderer: 0.100
[1587085346.254][SEVERE]: Timed out receiving message from renderer: 0.100
[1587085346.355][SEVERE]: Timed out receiving message from renderer: 0.100
[1587085346.543][SEVERE]: Timed out receiving message from renderer: 0.100
[1587085346.645][SEVERE]: Timed out receiving message from renderer: 0.100
[1587085346.752][SEVERE]: Timed out receiving message from renderer: 0.100
[1587085346.857][SEVERE]: Timed out receiving message from renderer: 0.100
[1587085346.962][SEVERE]: Timed out receiving message from renderer: 0.100
[1587085347.084][SEVERE]: Timed out receiving message from renderer: 0.100
[1587085347.196][SEVERE]: Timed out receiving message from renderer: 0.100
]]></system-err>
</testsuite>
